The system is: Darwin - 13.2.0 - i386
Compiling the C compiler identification source file "CMakeCCompilerId.c" succeeded.
Compiler: /Applications/Momentics.app/host_10_2_0_15/darwin/x86/usr/bin/cc 
Build flags: 
Id flags: 

The output was:
0


Compilation of the C compiler identification source "CMakeCCompilerId.c" produced "a.out"

The C compiler identification is GNU, found in "/Users/rodrigopex/Teaching/p1/2014.1/code/aula_cmake/AB/build/CMakeFiles/2.8.12.2/CompilerIdC/a.out"

Compiling the CXX compiler identification source file "CMakeCXXCompilerId.cpp" succeeded.
Compiler: /usr/bin/c++ 
Build flags: 
Id flags: 

The output was:
0


Compilation of the CXX compiler identification source "CMakeCXXCompilerId.cpp" produced "a.out"

The CXX compiler identification is Clang, found in "/Users/rodrigopex/Teaching/p1/2014.1/code/aula_cmake/AB/build/CMakeFiles/2.8.12.2/CompilerIdCXX/a.out"

Determining if the C compiler works passed with the following output:
Change Dir: /Users/rodrigopex/Teaching/p1/2014.1/code/aula_cmake/AB/build/CMakeFiles/CMakeTmp

Run Build Command:/Applications/Momentics.app/host_10_2_0_15/darwin/x86/usr/bin/make "cmTryCompileExec3939327909/fast"
/Applications/Momentics.app/host_10_2_0_15/darwin/x86/usr/bin/make -f CMakeFiles/cmTryCompileExec3939327909.dir/build.make CMakeFiles/cmTryCompileExec3939327909.dir/build
make[1]: Entering directory `/Users/rodrigopex/Teaching/p1/2014.1/code/aula_cmake/AB/build/CMakeFiles/CMakeTmp'
/usr/local/Cellar/cmake/2.8.12.2/bin/cmake -E cmake_progress_report /Users/rodrigopex/Teaching/p1/2014.1/code/aula_cmake/AB/build/CMakeFiles/CMakeTmp/CMakeFiles 1
Building C object CMakeFiles/cmTryCompileExec3939327909.dir/testCCompiler.c.o
/Applications/Momentics.app/host_10_2_0_15/darwin/x86/usr/bin/cc    -o CMakeFiles/cmTryCompileExec3939327909.dir/testCCompiler.c.o   -c /Users/rodrigopex/Teaching/p1/2014.1/code/aula_cmake/AB/build/CMakeFiles/CMakeTmp/testCCompiler.c
Linking C executable cmTryCompileExec3939327909
/usr/local/Cellar/cmake/2.8.12.2/bin/cmake -E cmake_link_script CMakeFiles/cmTryCompileExec3939327909.dir/link.txt --verbose=1
/Applications/Momentics.app/host_10_2_0_15/darwin/x86/usr/bin/cc    -Wl,-search_paths_first -Wl,-headerpad_max_install_names   CMakeFiles/cmTryCompileExec3939327909.dir/testCCompiler.c.o  -o cmTryCompileExec3939327909  
/Applications/Momentics.app/host_10_2_0_15/darwin/x86/usr/bin/ntox86-ld: warning: cannot find entry symbol arch_paths_first; defaulting to 0000000008048470
make[1]: Leaving directory `/Users/rodrigopex/Teaching/p1/2014.1/code/aula_cmake/AB/build/CMakeFiles/CMakeTmp'


Detecting C compiler ABI info compiled with the following output:
Change Dir: /Users/rodrigopex/Teaching/p1/2014.1/code/aula_cmake/AB/build/CMakeFiles/CMakeTmp

Run Build Command:/Applications/Momentics.app/host_10_2_0_15/darwin/x86/usr/bin/make "cmTryCompileExec2501466456/fast"
/Applications/Momentics.app/host_10_2_0_15/darwin/x86/usr/bin/make -f CMakeFiles/cmTryCompileExec2501466456.dir/build.make CMakeFiles/cmTryCompileExec2501466456.dir/build
make[1]: Entering directory `/Users/rodrigopex/Teaching/p1/2014.1/code/aula_cmake/AB/build/CMakeFiles/CMakeTmp'
/usr/local/Cellar/cmake/2.8.12.2/bin/cmake -E cmake_progress_report /Users/rodrigopex/Teaching/p1/2014.1/code/aula_cmake/AB/build/CMakeFiles/CMakeTmp/CMakeFiles 1
Building C object CMakeFiles/cmTryCompileExec2501466456.dir/CMakeCCompilerABI.c.o
/Applications/Momentics.app/host_10_2_0_15/darwin/x86/usr/bin/cc    -o CMakeFiles/cmTryCompileExec2501466456.dir/CMakeCCompilerABI.c.o   -c /usr/local/Cellar/cmake/2.8.12.2/share/cmake/Modules/CMakeCCompilerABI.c
Linking C executable cmTryCompileExec2501466456
/usr/local/Cellar/cmake/2.8.12.2/bin/cmake -E cmake_link_script CMakeFiles/cmTryCompileExec2501466456.dir/link.txt --verbose=1
/Applications/Momentics.app/host_10_2_0_15/darwin/x86/usr/bin/cc    -Wl,-search_paths_first -Wl,-headerpad_max_install_names -v -Wl,-v CMakeFiles/cmTryCompileExec2501466456.dir/CMakeCCompilerABI.c.o  -o cmTryCompileExec2501466456   
cc: looking for gcc_ntox86 in /Applications/Momentics.app/host_10_2_0_15/darwin/x86/etc/qcc/gcc/4.6.3/gcc_ntox86++.conf
cc: looking for gcc_ntox86 in /Applications/Momentics.app/host_10_2_0_15/darwin/x86/etc/qcc/gcc/4.6.3/gcc_ntox86.conf
/Applications/Momentics.app/host_10_2_0_15/darwin/x86/usr/bin/ntox86-ld -b elf32-i386 -m i386nto --dynamic-linker /usr/lib/ldqnx.so.2 --sysroot=/Applications/Momentics.app/target_10_2_0_1155/qnx6/x86/ --hash-style=gnu --build-id=md5 --warn-shared-textrel /Applications/Momentics.app/target_10_2_0_1155/qnx6/x86/lib/crt1.o /Applications/Momentics.app/target_10_2_0_1155/qnx6/x86/lib/crti.o /Applications/Momentics.app/host_10_2_0_15/darwin/x86/usr/lib/gcc/i486-pc-nto-qnx8.0.0/4.6.3/crtbegin.o -search_paths_first -headerpad_max_install_names -v CMakeFiles/cmTryCompileExec2501466456.dir/CMakeCCompilerABI.c.o -o cmTryCompileExec2501466456 -rpath-link /Applications/Momentics.app/target_10_2_0_1155/qnx6/x86/lib:/Applications/Momentics.app/target_10_2_0_1155/qnx6/x86/usr/lib:/Applications/Momentics.app/target_10_2_0_1155/qnx6/x86/lib/gcc/4.6.3:/Applications/Momentics.app/target_10_2_0_1155/qnx6/x86/opt/lib -Y/Applications/Momentics.app/target_10_2_0_1155/qnx6/x86/lib:/Applications/Momentics.app/target_10_2_0_1155/qnx6/x86/usr/lib:/Applications/Momentics.app/target_10_2_0_1155/qnx6/x86/opt/lib -L/Applications/Momentics.app/host_10_2_0_15/darwin/x86/usr/lib/gcc/i486-pc-nto-qnx8.0.0/4.6.3 -L/Applications/Momentics.app/target_10_2_0_1155/qnx6/x86/lib/gcc/4.6.3 -L/Applications/Momentics.app/target_10_2_0_1155/qnx6/usr/i486-pc-nto-qnx8.0.0/lib -L/Applications/Momentics.app/target_10_2_0_1155/qnx6/x86/lib -L/Applications/Momentics.app/target_10_2_0_1155/qnx6/x86/usr/lib -L/Applications/Momentics.app/target_10_2_0_1155/qnx6/x86/opt/lib /Applications/Momentics.app/host_10_2_0_15/darwin/x86/usr/lib/gcc/i486-pc-nto-qnx8.0.0/4.6.3/libgcc.a -lc -Bstatic -lc /Applications/Momentics.app/host_10_2_0_15/darwin/x86/usr/lib/gcc/i486-pc-nto-qnx8.0.0/4.6.3/libgcc.a /Applications/Momentics.app/host_10_2_0_15/darwin/x86/usr/lib/gcc/i486-pc-nto-qnx8.0.0/4.6.3/crtend.o /Applications/Momentics.app/target_10_2_0_1155/qnx6/x86/lib/crtn.o
GNU ld (GNU Binutils) 2.22
make[1]: Leaving directory `/Users/rodrigopex/Teaching/p1/2014.1/code/aula_cmake/AB/build/CMakeFiles/CMakeTmp'
/Applications/Momentics.app/host_10_2_0_15/darwin/x86/usr/bin/ntox86-ld: warning: cannot find entry symbol arch_paths_first; defaulting to 0000000008048470


Parsed C implicit link information from above output:
  link line regex: [^( *|.*[/\])(ld|([^/\]+-)?ld|collect2)[^/\]*( |$)]
  ignore line: [Change Dir: /Users/rodrigopex/Teaching/p1/2014.1/code/aula_cmake/AB/build/CMakeFiles/CMakeTmp]
  ignore line: []
  ignore line: [Run Build Command:/Applications/Momentics.app/host_10_2_0_15/darwin/x86/usr/bin/make "cmTryCompileExec2501466456/fast"]
  ignore line: [/Applications/Momentics.app/host_10_2_0_15/darwin/x86/usr/bin/make -f CMakeFiles/cmTryCompileExec2501466456.dir/build.make CMakeFiles/cmTryCompileExec2501466456.dir/build]
  ignore line: [make[1]: Entering directory `/Users/rodrigopex/Teaching/p1/2014.1/code/aula_cmake/AB/build/CMakeFiles/CMakeTmp']
  ignore line: [/usr/local/Cellar/cmake/2.8.12.2/bin/cmake -E cmake_progress_report /Users/rodrigopex/Teaching/p1/2014.1/code/aula_cmake/AB/build/CMakeFiles/CMakeTmp/CMakeFiles 1]
  ignore line: [Building C object CMakeFiles/cmTryCompileExec2501466456.dir/CMakeCCompilerABI.c.o]
  ignore line: [/Applications/Momentics.app/host_10_2_0_15/darwin/x86/usr/bin/cc    -o CMakeFiles/cmTryCompileExec2501466456.dir/CMakeCCompilerABI.c.o   -c /usr/local/Cellar/cmake/2.8.12.2/share/cmake/Modules/CMakeCCompilerABI.c]
  ignore line: [Linking C executable cmTryCompileExec2501466456]
  ignore line: [/usr/local/Cellar/cmake/2.8.12.2/bin/cmake -E cmake_link_script CMakeFiles/cmTryCompileExec2501466456.dir/link.txt --verbose=1]
  ignore line: [/Applications/Momentics.app/host_10_2_0_15/darwin/x86/usr/bin/cc    -Wl,-search_paths_first -Wl,-headerpad_max_install_names -v -Wl,-v CMakeFiles/cmTryCompileExec2501466456.dir/CMakeCCompilerABI.c.o  -o cmTryCompileExec2501466456   ]
  ignore line: [cc: looking for gcc_ntox86 in /Applications/Momentics.app/host_10_2_0_15/darwin/x86/etc/qcc/gcc/4.6.3/gcc_ntox86++.conf]
  ignore line: [cc: looking for gcc_ntox86 in /Applications/Momentics.app/host_10_2_0_15/darwin/x86/etc/qcc/gcc/4.6.3/gcc_ntox86.conf]
  link line: [/Applications/Momentics.app/host_10_2_0_15/darwin/x86/usr/bin/ntox86-ld -b elf32-i386 -m i386nto --dynamic-linker /usr/lib/ldqnx.so.2 --sysroot=/Applications/Momentics.app/target_10_2_0_1155/qnx6/x86/ --hash-style=gnu --build-id=md5 --warn-shared-textrel /Applications/Momentics.app/target_10_2_0_1155/qnx6/x86/lib/crt1.o /Applications/Momentics.app/target_10_2_0_1155/qnx6/x86/lib/crti.o /Applications/Momentics.app/host_10_2_0_15/darwin/x86/usr/lib/gcc/i486-pc-nto-qnx8.0.0/4.6.3/crtbegin.o -search_paths_first -headerpad_max_install_names -v CMakeFiles/cmTryCompileExec2501466456.dir/CMakeCCompilerABI.c.o -o cmTryCompileExec2501466456 -rpath-link /Applications/Momentics.app/target_10_2_0_1155/qnx6/x86/lib:/Applications/Momentics.app/target_10_2_0_1155/qnx6/x86/usr/lib:/Applications/Momentics.app/target_10_2_0_1155/qnx6/x86/lib/gcc/4.6.3:/Applications/Momentics.app/target_10_2_0_1155/qnx6/x86/opt/lib -Y/Applications/Momentics.app/target_10_2_0_1155/qnx6/x86/lib:/Applications/Momentics.app/target_10_2_0_1155/qnx6/x86/usr/lib:/Applications/Momentics.app/target_10_2_0_1155/qnx6/x86/opt/lib -L/Applications/Momentics.app/host_10_2_0_15/darwin/x86/usr/lib/gcc/i486-pc-nto-qnx8.0.0/4.6.3 -L/Applications/Momentics.app/target_10_2_0_1155/qnx6/x86/lib/gcc/4.6.3 -L/Applications/Momentics.app/target_10_2_0_1155/qnx6/usr/i486-pc-nto-qnx8.0.0/lib -L/Applications/Momentics.app/target_10_2_0_1155/qnx6/x86/lib -L/Applications/Momentics.app/target_10_2_0_1155/qnx6/x86/usr/lib -L/Applications/Momentics.app/target_10_2_0_1155/qnx6/x86/opt/lib /Applications/Momentics.app/host_10_2_0_15/darwin/x86/usr/lib/gcc/i486-pc-nto-qnx8.0.0/4.6.3/libgcc.a -lc -Bstatic -lc /Applications/Momentics.app/host_10_2_0_15/darwin/x86/usr/lib/gcc/i486-pc-nto-qnx8.0.0/4.6.3/libgcc.a /Applications/Momentics.app/host_10_2_0_15/darwin/x86/usr/lib/gcc/i486-pc-nto-qnx8.0.0/4.6.3/crtend.o /Applications/Momentics.app/target_10_2_0_1155/qnx6/x86/lib/crtn.o]
    arg [/Applications/Momentics.app/host_10_2_0_15/darwin/x86/usr/bin/ntox86-ld] ==> ignore
    arg [-b] ==> ignore
    arg [elf32-i386] ==> ignore
    arg [-m] ==> ignore
    arg [i386nto] ==> ignore
    arg [--dynamic-linker] ==> ignore
    arg [/usr/lib/ldqnx.so.2] ==> ignore
    arg [--sysroot=/Applications/Momentics.app/target_10_2_0_1155/qnx6/x86/] ==> ignore
    arg [--hash-style=gnu] ==> ignore
    arg [--build-id=md5] ==> ignore
    arg [--warn-shared-textrel] ==> ignore
    arg [/Applications/Momentics.app/target_10_2_0_1155/qnx6/x86/lib/crt1.o] ==> ignore
    arg [/Applications/Momentics.app/target_10_2_0_1155/qnx6/x86/lib/crti.o] ==> ignore
    arg [/Applications/Momentics.app/host_10_2_0_15/darwin/x86/usr/lib/gcc/i486-pc-nto-qnx8.0.0/4.6.3/crtbegin.o] ==> ignore
    arg [-search_paths_first] ==> ignore
    arg [-headerpad_max_install_names] ==> ignore
    arg [-v] ==> ignore
    arg [CMakeFiles/cmTryCompileExec2501466456.dir/CMakeCCompilerABI.c.o] ==> ignore
    arg [-o] ==> ignore
    arg [cmTryCompileExec2501466456] ==> ignore
    arg [-rpath-link] ==> ignore
    arg [/Applications/Momentics.app/target_10_2_0_1155/qnx6/x86/lib:/Applications/Momentics.app/target_10_2_0_1155/qnx6/x86/usr/lib:/Applications/Momentics.app/target_10_2_0_1155/qnx6/x86/lib/gcc/4.6.3:/Applications/Momentics.app/target_10_2_0_1155/qnx6/x86/opt/lib] ==> ignore
    arg [-Y/Applications/Momentics.app/target_10_2_0_1155/qnx6/x86/lib:/Applications/Momentics.app/target_10_2_0_1155/qnx6/x86/usr/lib:/Applications/Momentics.app/target_10_2_0_1155/qnx6/x86/opt/lib] ==> dirs [/Applications/Momentics.app/target_10_2_0_1155/qnx6/x86/lib;/Applications/Momentics.app/target_10_2_0_1155/qnx6/x86/usr/lib;/Applications/Momentics.app/target_10_2_0_1155/qnx6/x86/opt/lib]
    arg [-L/Applications/Momentics.app/host_10_2_0_15/darwin/x86/usr/lib/gcc/i486-pc-nto-qnx8.0.0/4.6.3] ==> dir [/Applications/Momentics.app/host_10_2_0_15/darwin/x86/usr/lib/gcc/i486-pc-nto-qnx8.0.0/4.6.3]
    arg [-L/Applications/Momentics.app/target_10_2_0_1155/qnx6/x86/lib/gcc/4.6.3] ==> dir [/Applications/Momentics.app/target_10_2_0_1155/qnx6/x86/lib/gcc/4.6.3]
    arg [-L/Applications/Momentics.app/target_10_2_0_1155/qnx6/usr/i486-pc-nto-qnx8.0.0/lib] ==> dir [/Applications/Momentics.app/target_10_2_0_1155/qnx6/usr/i486-pc-nto-qnx8.0.0/lib]
    arg [-L/Applications/Momentics.app/target_10_2_0_1155/qnx6/x86/lib] ==> dir [/Applications/Momentics.app/target_10_2_0_1155/qnx6/x86/lib]
    arg [-L/Applications/Momentics.app/target_10_2_0_1155/qnx6/x86/usr/lib] ==> dir [/Applications/Momentics.app/target_10_2_0_1155/qnx6/x86/usr/lib]
    arg [-L/Applications/Momentics.app/target_10_2_0_1155/qnx6/x86/opt/lib] ==> dir [/Applications/Momentics.app/target_10_2_0_1155/qnx6/x86/opt/lib]
    arg [/Applications/Momentics.app/host_10_2_0_15/darwin/x86/usr/lib/gcc/i486-pc-nto-qnx8.0.0/4.6.3/libgcc.a] ==> lib [/Applications/Momentics.app/host_10_2_0_15/darwin/x86/usr/lib/gcc/i486-pc-nto-qnx8.0.0/4.6.3/libgcc.a]
    arg [-lc] ==> lib [c]
    arg [-Bstatic] ==> ignore
    arg [-lc] ==> lib [c]
    arg [/Applications/Momentics.app/host_10_2_0_15/darwin/x86/usr/lib/gcc/i486-pc-nto-qnx8.0.0/4.6.3/libgcc.a] ==> lib [/Applications/Momentics.app/host_10_2_0_15/darwin/x86/usr/lib/gcc/i486-pc-nto-qnx8.0.0/4.6.3/libgcc.a]
    arg [/Applications/Momentics.app/host_10_2_0_15/darwin/x86/usr/lib/gcc/i486-pc-nto-qnx8.0.0/4.6.3/crtend.o] ==> ignore
    arg [/Applications/Momentics.app/target_10_2_0_1155/qnx6/x86/lib/crtn.o] ==> ignore
  collapse library dir [/Applications/Momentics.app/target_10_2_0_1155/qnx6/x86/lib] ==> [/Applications/Momentics.app/target_10_2_0_1155/qnx6/x86/lib]
  collapse library dir [/Applications/Momentics.app/target_10_2_0_1155/qnx6/x86/usr/lib] ==> [/Applications/Momentics.app/target_10_2_0_1155/qnx6/x86/usr/lib]
  collapse library dir [/Applications/Momentics.app/target_10_2_0_1155/qnx6/x86/opt/lib] ==> [/Applications/Momentics.app/target_10_2_0_1155/qnx6/x86/opt/lib]
  collapse library dir [/Applications/Momentics.app/host_10_2_0_15/darwin/x86/usr/lib/gcc/i486-pc-nto-qnx8.0.0/4.6.3] ==> [/Applications/Momentics.app/host_10_2_0_15/darwin/x86/usr/lib/gcc/i486-pc-nto-qnx8.0.0/4.6.3]
  collapse library dir [/Applications/Momentics.app/target_10_2_0_1155/qnx6/x86/lib/gcc/4.6.3] ==> [/Applications/Momentics.app/target_10_2_0_1155/qnx6/x86/lib/gcc/4.6.3]
  collapse library dir [/Applications/Momentics.app/target_10_2_0_1155/qnx6/usr/i486-pc-nto-qnx8.0.0/lib] ==> [/Applications/Momentics.app/target_10_2_0_1155/qnx6/usr/i486-pc-nto-qnx8.0.0/lib]
  collapse library dir [/Applications/Momentics.app/target_10_2_0_1155/qnx6/x86/lib] ==> [/Applications/Momentics.app/target_10_2_0_1155/qnx6/x86/lib]
  collapse library dir [/Applications/Momentics.app/target_10_2_0_1155/qnx6/x86/usr/lib] ==> [/Applications/Momentics.app/target_10_2_0_1155/qnx6/x86/usr/lib]
  collapse library dir [/Applications/Momentics.app/target_10_2_0_1155/qnx6/x86/opt/lib] ==> [/Applications/Momentics.app/target_10_2_0_1155/qnx6/x86/opt/lib]
  implicit libs: [/Applications/Momentics.app/host_10_2_0_15/darwin/x86/usr/lib/gcc/i486-pc-nto-qnx8.0.0/4.6.3/libgcc.a;c;c;/Applications/Momentics.app/host_10_2_0_15/darwin/x86/usr/lib/gcc/i486-pc-nto-qnx8.0.0/4.6.3/libgcc.a]
  implicit dirs: [/Applications/Momentics.app/target_10_2_0_1155/qnx6/x86/lib;/Applications/Momentics.app/target_10_2_0_1155/qnx6/x86/usr/lib;/Applications/Momentics.app/target_10_2_0_1155/qnx6/x86/opt/lib;/Applications/Momentics.app/host_10_2_0_15/darwin/x86/usr/lib/gcc/i486-pc-nto-qnx8.0.0/4.6.3;/Applications/Momentics.app/target_10_2_0_1155/qnx6/x86/lib/gcc/4.6.3;/Applications/Momentics.app/target_10_2_0_1155/qnx6/usr/i486-pc-nto-qnx8.0.0/lib]
  implicit fwks: []


Determining if the CXX compiler works passed with the following output:
Change Dir: /Users/rodrigopex/Teaching/p1/2014.1/code/aula_cmake/AB/build/CMakeFiles/CMakeTmp

Run Build Command:/Applications/Momentics.app/host_10_2_0_15/darwin/x86/usr/bin/make "cmTryCompileExec344625113/fast"
/Applications/Momentics.app/host_10_2_0_15/darwin/x86/usr/bin/make -f CMakeFiles/cmTryCompileExec344625113.dir/build.make CMakeFiles/cmTryCompileExec344625113.dir/build
make[1]: Entering directory `/Users/rodrigopex/Teaching/p1/2014.1/code/aula_cmake/AB/build/CMakeFiles/CMakeTmp'
/usr/local/Cellar/cmake/2.8.12.2/bin/cmake -E cmake_progress_report /Users/rodrigopex/Teaching/p1/2014.1/code/aula_cmake/AB/build/CMakeFiles/CMakeTmp/CMakeFiles 1
Building CXX object CMakeFiles/cmTryCompileExec344625113.dir/testCXXCompiler.cxx.o
/usr/bin/c++     -o CMakeFiles/cmTryCompileExec344625113.dir/testCXXCompiler.cxx.o -c /Users/rodrigopex/Teaching/p1/2014.1/code/aula_cmake/AB/build/CMakeFiles/CMakeTmp/testCXXCompiler.cxx
Linking CXX executable cmTryCompileExec344625113
/usr/local/Cellar/cmake/2.8.12.2/bin/cmake -E cmake_link_script CMakeFiles/cmTryCompileExec344625113.dir/link.txt --verbose=1
/usr/bin/c++     -Wl,-search_paths_first -Wl,-headerpad_max_install_names   CMakeFiles/cmTryCompileExec344625113.dir/testCXXCompiler.cxx.o  -o cmTryCompileExec344625113  
make[1]: Leaving directory `/Users/rodrigopex/Teaching/p1/2014.1/code/aula_cmake/AB/build/CMakeFiles/CMakeTmp'


Detecting CXX compiler ABI info compiled with the following output:
Change Dir: /Users/rodrigopex/Teaching/p1/2014.1/code/aula_cmake/AB/build/CMakeFiles/CMakeTmp

Run Build Command:/Applications/Momentics.app/host_10_2_0_15/darwin/x86/usr/bin/make "cmTryCompileExec657266301/fast"
/Applications/Momentics.app/host_10_2_0_15/darwin/x86/usr/bin/make -f CMakeFiles/cmTryCompileExec657266301.dir/build.make CMakeFiles/cmTryCompileExec657266301.dir/build
make[1]: Entering directory `/Users/rodrigopex/Teaching/p1/2014.1/code/aula_cmake/AB/build/CMakeFiles/CMakeTmp'
/usr/local/Cellar/cmake/2.8.12.2/bin/cmake -E cmake_progress_report /Users/rodrigopex/Teaching/p1/2014.1/code/aula_cmake/AB/build/CMakeFiles/CMakeTmp/CMakeFiles 1
Building CXX object CMakeFiles/cmTryCompileExec657266301.dir/CMakeCXXCompilerABI.cpp.o
/usr/bin/c++     -o CMakeFiles/cmTryCompileExec657266301.dir/CMakeCXXCompilerABI.cpp.o -c /usr/local/Cellar/cmake/2.8.12.2/share/cmake/Modules/CMakeCXXCompilerABI.cpp
Linking CXX executable cmTryCompileExec657266301
/usr/local/Cellar/cmake/2.8.12.2/bin/cmake -E cmake_link_script CMakeFiles/cmTryCompileExec657266301.dir/link.txt --verbose=1
/usr/bin/c++     -Wl,-search_paths_first -Wl,-headerpad_max_install_names -v -Wl,-v CMakeFiles/cmTryCompileExec657266301.dir/CMakeCXXCompilerABI.cpp.o  -o cmTryCompileExec657266301   
Apple LLVM version 5.1 (clang-503.0.40) (based on LLVM 3.4svn)
Target: x86_64-apple-darwin13.2.0
Thread model: posix
 "/Applications/Xcode.app/Contents/Developer/Toolchains/XcodeDefault.xctoolchain/usr/bin/ld" -demangle -dynamic -arch x86_64 -macosx_version_min 10.9.0 -o cmTryCompileExec657266301 -search_paths_first -headerpad_max_install_names -v CMakeFiles/cmTryCompileExec657266301.dir/CMakeCXXCompilerABI.cpp.o -lc++ -lSystem /Applications/Xcode.app/Contents/Developer/Toolchains/XcodeDefault.xctoolchain/usr/bin/../lib/clang/5.1/lib/darwin/libclang_rt.osx.a
@(#)PROGRAM:ld  PROJECT:ld64-236.4
configured to support archs: armv6 armv7 armv7s arm64 i386 x86_64 armv6m armv7m armv7em
Library search paths:
	/usr/lib
	/usr/local/lib
Framework search paths:
	/Library/Frameworks/
	/System/Library/Frameworks/
make[1]: Leaving directory `/Users/rodrigopex/Teaching/p1/2014.1/code/aula_cmake/AB/build/CMakeFiles/CMakeTmp'


Parsed CXX implicit link information from above output:
  link line regex: [^( *|.*[/\])(ld|([^/\]+-)?ld|collect2)[^/\]*( |$)]
  ignore line: [Change Dir: /Users/rodrigopex/Teaching/p1/2014.1/code/aula_cmake/AB/build/CMakeFiles/CMakeTmp]
  ignore line: []
  ignore line: [Run Build Command:/Applications/Momentics.app/host_10_2_0_15/darwin/x86/usr/bin/make "cmTryCompileExec657266301/fast"]
  ignore line: [/Applications/Momentics.app/host_10_2_0_15/darwin/x86/usr/bin/make -f CMakeFiles/cmTryCompileExec657266301.dir/build.make CMakeFiles/cmTryCompileExec657266301.dir/build]
  ignore line: [make[1]: Entering directory `/Users/rodrigopex/Teaching/p1/2014.1/code/aula_cmake/AB/build/CMakeFiles/CMakeTmp']
  ignore line: [/usr/local/Cellar/cmake/2.8.12.2/bin/cmake -E cmake_progress_report /Users/rodrigopex/Teaching/p1/2014.1/code/aula_cmake/AB/build/CMakeFiles/CMakeTmp/CMakeFiles 1]
  ignore line: [Building CXX object CMakeFiles/cmTryCompileExec657266301.dir/CMakeCXXCompilerABI.cpp.o]
  ignore line: [/usr/bin/c++     -o CMakeFiles/cmTryCompileExec657266301.dir/CMakeCXXCompilerABI.cpp.o -c /usr/local/Cellar/cmake/2.8.12.2/share/cmake/Modules/CMakeCXXCompilerABI.cpp]
  ignore line: [Linking CXX executable cmTryCompileExec657266301]
  ignore line: [/usr/local/Cellar/cmake/2.8.12.2/bin/cmake -E cmake_link_script CMakeFiles/cmTryCompileExec657266301.dir/link.txt --verbose=1]
  ignore line: [/usr/bin/c++     -Wl,-search_paths_first -Wl,-headerpad_max_install_names -v -Wl,-v CMakeFiles/cmTryCompileExec657266301.dir/CMakeCXXCompilerABI.cpp.o  -o cmTryCompileExec657266301   ]
  ignore line: [Apple LLVM version 5.1 (clang-503.0.40) (based on LLVM 3.4svn)]
  ignore line: [Target: x86_64-apple-darwin13.2.0]
  ignore line: [Thread model: posix]
  link line: [ "/Applications/Xcode.app/Contents/Developer/Toolchains/XcodeDefault.xctoolchain/usr/bin/ld" -demangle -dynamic -arch x86_64 -macosx_version_min 10.9.0 -o cmTryCompileExec657266301 -search_paths_first -headerpad_max_install_names -v CMakeFiles/cmTryCompileExec657266301.dir/CMakeCXXCompilerABI.cpp.o -lc++ -lSystem /Applications/Xcode.app/Contents/Developer/Toolchains/XcodeDefault.xctoolchain/usr/bin/../lib/clang/5.1/lib/darwin/libclang_rt.osx.a]
    arg [/Applications/Xcode.app/Contents/Developer/Toolchains/XcodeDefault.xctoolchain/usr/bin/ld] ==> ignore
    arg [-demangle] ==> ignore
    arg [-dynamic] ==> ignore
    arg [-arch] ==> ignore
    arg [x86_64] ==> ignore
    arg [-macosx_version_min] ==> ignore
    arg [10.9.0] ==> ignore
    arg [-o] ==> ignore
    arg [cmTryCompileExec657266301] ==> ignore
    arg [-search_paths_first] ==> ignore
    arg [-headerpad_max_install_names] ==> ignore
    arg [-v] ==> ignore
    arg [CMakeFiles/cmTryCompileExec657266301.dir/CMakeCXXCompilerABI.cpp.o] ==> ignore
    arg [-lc++] ==> lib [c++]
    arg [-lSystem] ==> lib [System]
    arg [/Applications/Xcode.app/Contents/Developer/Toolchains/XcodeDefault.xctoolchain/usr/bin/../lib/clang/5.1/lib/darwin/libclang_rt.osx.a] ==> lib [/Applications/Xcode.app/Contents/Developer/Toolchains/XcodeDefault.xctoolchain/usr/bin/../lib/clang/5.1/lib/darwin/libclang_rt.osx.a]
  Library search paths: [;/usr/lib;/usr/local/lib]
  Framework search paths: [;/Library/Frameworks/;/System/Library/Frameworks/]
  remove lib [System]
  collapse lib [/Applications/Xcode.app/Contents/Developer/Toolchains/XcodeDefault.xctoolchain/usr/bin/../lib/clang/5.1/lib/darwin/libclang_rt.osx.a] ==> [/Applications/Xcode.app/Contents/Developer/Toolchains/XcodeDefault.xctoolchain/usr/lib/clang/5.1/lib/darwin/libclang_rt.osx.a]
  collapse library dir [/usr/lib] ==> [/usr/lib]
  collapse library dir [/usr/local/lib] ==> [/usr/local/lib]
  collapse framework dir [/Library/Frameworks/] ==> [/Library/Frameworks]
  collapse framework dir [/System/Library/Frameworks/] ==> [/System/Library/Frameworks]
  implicit libs: [c++;/Applications/Xcode.app/Contents/Developer/Toolchains/XcodeDefault.xctoolchain/usr/lib/clang/5.1/lib/darwin/libclang_rt.osx.a]
  implicit dirs: [/usr/lib;/usr/local/lib]
  implicit fwks: [/Library/Frameworks;/System/Library/Frameworks]


